# JRE version: Java(TM) SE Runtime Environment (8.0_191-b12) (build 1.8.0_191-b12)
# Java VM: Java HotSpot(TM) 64-Bit Server VM (25.191-b12 mixed mode windows-amd64 compressed oops)
Heap:
 PSYoungGen      total 60928K, used 28974K [0x00000000eb400000, 0x00000000f0500000, 0x0000000100000000)
  eden space 43008K, 65% used [0x00000000eb400000,0x00000000ecf938f0,0x00000000ede00000)
  from space 17920K, 4% used [0x00000000ef380000,0x00000000ef438000,0x00000000f0500000)
  to   space 19968K, 0% used [0x00000000ede00000,0x00000000ede00000,0x00000000ef180000)
 ParOldGen       total 56832K, used 13346K [0x00000000c1c00000, 0x00000000c5380000, 0x00000000eb400000)
  object space 56832K, 23% used [0x00000000c1c00000,0x00000000c2908a68,0x00000000c5380000)
 Metaspace       used 10611K, capacity 10874K, committed 11136K, reserved 1058816K
  class space    used 1209K, capacity 1294K, committed 1408K, reserved 1048576K
GC Heap History (10 events):
Event: 4.531 GC heap before
{Heap before GC invocations=5 (full 1):
 PSYoungGen      total 35328K, used 32768K [0x00000000eb400000, 0x00000000ed900000, 0x0000000100000000)
  eden space 32768K, 100% used [0x00000000eb400000,0x00000000ed400000,0x00000000ed400000)
  from space 2560K, 0% used [0x00000000ed400000,0x00000000ed400000,0x00000000ed680000)
  to   space 2560K, 0% used [0x00000000ed680000,0x00000000ed680000,0x00000000ed900000)
 ParOldGen       total 56832K, used 13322K [0x00000000c1c00000, 0x00000000c5380000, 0x00000000eb400000)
  object space 56832K, 23% used [0x00000000c1c00000,0x00000000c2902a68,0x00000000c5380000)
 Metaspace       used 10539K, capacity 10802K, committed 11136K, reserved 1058816K
  class space    used 1208K, capacity 1294K, committed 1408K, reserved 1048576K
Event: 4.531 GC heap after
Heap after GC invocations=5 (full 1):
 PSYoungGen      total 35328K, used 256K [0x00000000eb400000, 0x00000000ee800000, 0x0000000100000000)
  eden space 32768K, 0% used [0x00000000eb400000,0x00000000eb400000,0x00000000ed400000)
  from space 2560K, 10% used [0x00000000ed680000,0x00000000ed6c0000,0x00000000ed900000)
  to   space 2560K, 0% used [0x00000000ed400000,0x00000000ed400000,0x00000000ed680000)
 ParOldGen       total 56832K, used 13330K [0x00000000c1c00000, 0x00000000c5380000, 0x00000000eb400000)
  object space 56832K, 23% used [0x00000000c1c00000,0x00000000c2904a68,0x00000000c5380000)
 Metaspace       used 10539K, capacity 10802K, committed 11136K, reserved 1058816K
  class space    used 1208K, capacity 1294K, committed 1408K, reserved 1048576K
}
Event: 5.440 GC heap before
{Heap before GC invocations=6 (full 1):
 PSYoungGen      total 35328K, used 33024K [0x00000000eb400000, 0x00000000ee800000, 0x0000000100000000)
  eden space 32768K, 100% used [0x00000000eb400000,0x00000000ed400000,0x00000000ed400000)
  from space 2560K, 10% used [0x00000000ed680000,0x00000000ed6c0000,0x00000000ed900000)
  to   space 2560K, 0% used [0x00000000ed400000,0x00000000ed400000,0x00000000ed680000)
 ParOldGen       total 56832K, used 13330K [0x00000000c1c00000, 0x00000000c5380000, 0x00000000eb400000)
  object space 56832K, 23% used [0x00000000c1c00000,0x00000000c2904a68,0x00000000c5380000)
 Metaspace       used 10551K, capacity 10802K, committed 11136K, reserved 1058816K
  class space    used 1208K, capacity 1294K, committed 1408K, reserved 1048576K
Event: 5.442 GC heap after
Heap after GC invocations=6 (full 1):
 PSYoungGen      total 35328K, used 384K [0x00000000eb400000, 0x00000000f0d00000, 0x0000000100000000)
  eden space 32768K, 0% used [0x00000000eb400000,0x00000000eb400000,0x00000000ed400000)
  from space 2560K, 15% used [0x00000000ed400000,0x00000000ed460000,0x00000000ed680000)
  to   space 22528K, 0% used [0x00000000ef700000,0x00000000ef700000,0x00000000f0d00000)
 ParOldGen       total 56832K, used 13338K [0x00000000c1c00000, 0x00000000c5380000, 0x00000000eb400000)
  object space 56832K, 23% used [0x00000000c1c00000,0x00000000c2906a68,0x00000000c5380000)
 Metaspace       used 10551K, capacity 10802K, committed 11136K, reserved 1058816K
  class space    used 1208K, capacity 1294K, committed 1408K, reserved 1048576K
}
Event: 6.342 GC heap before
{Heap before GC invocations=7 (full 1):
 PSYoungGen      total 35328K, used 33152K [0x00000000eb400000, 0x00000000f0d00000, 0x0000000100000000)
  eden space 32768K, 100% used [0x00000000eb400000,0x00000000ed400000,0x00000000ed400000)
  from space 2560K, 15% used [0x00000000ed400000,0x00000000ed460000,0x00000000ed680000)
  to   space 22528K, 0% used [0x00000000ef700000,0x00000000ef700000,0x00000000f0d00000)
 ParOldGen       total 56832K, used 13338K [0x00000000c1c00000, 0x00000000c5380000, 0x00000000eb400000)
  object space 56832K, 23% used [0x00000000c1c00000,0x00000000c2906a68,0x00000000c5380000)
 Metaspace       used 10558K, capacity 10802K, committed 11136K, reserved 1058816K
  class space    used 1208K, capacity 1294K, committed 1408K, reserved 1048576K
Event: 6.343 GC heap after
Heap after GC invocations=7 (full 1):
 PSYoungGen      total 65536K, used 448K [0x00000000eb400000, 0x00000000f0b00000, 0x0000000100000000)
  eden space 45056K, 0% used [0x00000000eb400000,0x00000000eb400000,0x00000000ee000000)
  from space 20480K, 2% used [0x00000000ef700000,0x00000000ef770000,0x00000000f0b00000)
  to   space 22016K, 0% used [0x00000000ee000000,0x00000000ee000000,0x00000000ef580000)
 ParOldGen       total 56832K, used 13346K [0x00000000c1c00000, 0x00000000c5380000, 0x00000000eb400000)
  object space 56832K, 23% used [0x00000000c1c00000,0x00000000c2908a68,0x00000000c5380000)
 Metaspace       used 10558K, capacity 10802K, committed 11136K, reserved 1058816K
  class space    used 1208K, capacity 1294K, committed 1408K, reserved 1048576K
}
Event: 7.527 GC heap before
{Heap before GC invocations=8 (full 1):
 PSYoungGen      total 65536K, used 45504K [0x00000000eb400000, 0x00000000f0b00000, 0x0000000100000000)
  eden space 45056K, 100% used [0x00000000eb400000,0x00000000ee000000,0x00000000ee000000)
  from space 20480K, 2% used [0x00000000ef700000,0x00000000ef770000,0x00000000f0b00000)
  to   space 22016K, 0% used [0x00000000ee000000,0x00000000ee000000,0x00000000ef580000)
 ParOldGen       total 56832K, used 13346K [0x00000000c1c00000, 0x00000000c5380000, 0x00000000eb400000)
  object space 56832K, 23% used [0x00000000c1c00000,0x00000000c2908a68,0x00000000c5380000)
 Metaspace       used 10599K, capacity 10810K, committed 11136K, reserved 1058816K
  class space    used 1208K, capacity 1294K, committed 1408K, reserved 1048576K
Event: 7.528 GC heap after
Heap after GC invocations=8 (full 1):
 PSYoungGen      total 45056K, used 640K [0x00000000eb400000, 0x00000000f0800000, 0x0000000100000000)
  eden space 44032K, 0% used [0x00000000eb400000,0x00000000eb400000,0x00000000edf00000)
  from space 1024K, 62% used [0x00000000ee000000,0x00000000ee0a0000,0x00000000ee100000)
  to   space 20992K, 0% used [0x00000000ef380000,0x00000000ef380000,0x00000000f0800000)
 ParOldGen       total 56832K, used 13346K [0x00000000c1c00000, 0x00000000c5380000, 0x00000000eb400000)
  object space 56832K, 23% used [0x00000000c1c00000,0x00000000c2908a68,0x00000000c5380000)
 Metaspace       used 10599K, capacity 10810K, committed 11136K, reserved 1058816K
  class space    used 1208K, capacity 1294K, committed 1408K, reserved 1048576K
}
Event: 8.647 GC heap before
{Heap before GC invocations=9 (full 1):
 PSYoungGen      total 45056K, used 44672K [0x00000000eb400000, 0x00000000f0800000, 0x0000000100000000)
  eden space 44032K, 100% used [0x00000000eb400000,0x00000000edf00000,0x00000000edf00000)
  from space 1024K, 62% used [0x00000000ee000000,0x00000000ee0a0000,0x00000000ee100000)
  to   space 20992K, 0% used [0x00000000ef380000,0x00000000ef380000,0x00000000f0800000)
 ParOldGen       total 56832K, used 13346K [0x00000000c1c00000, 0x00000000c5380000, 0x00000000eb400000)
  object space 56832K, 23% used [0x00000000c1c00000,0x00000000c2908a68,0x00000000c5380000)
 Metaspace       used 10602K, capacity 10810K, committed 11136K, reserved 1058816K
  class space    used 1208K, capacity 1294K, committed 1408K, reserved 1048576K
Event: 8.648 GC heap after
Heap after GC invocations=9 (full 1):
 PSYoungGen      total 60928K, used 736K [0x00000000eb400000, 0x00000000f0500000, 0x0000000100000000)
  eden space 43008K, 0% used [0x00000000eb400000,0x00000000eb400000,0x00000000ede00000)
  from space 17920K, 4% used [0x00000000ef380000,0x00000000ef438000,0x00000000f0500000)
  to   space 19968K, 0% used [0x00000000ede00000,0x00000000ede00000,0x00000000ef180000)
 ParOldGen       total 56832K, used 13346K [0x00000000c1c00000, 0x00000000c5380000, 0x00000000eb400000)
  object space 56832K, 23% used [0x00000000c1c00000,0x00000000c2908a68,0x00000000c5380000)
 Metaspace       used 10602K, capacity 10810K, committed 11136K, reserved 1058816K
  class space    used 1208K, capacity 1294K, committed 1408K, reserved 1048576K
}

